Flutter crash report.
Please report a bug at https://github.com/flutter/flutter/issues.

## command

flutter create sa03

## exception

FileSystemException: FileSystemException: Cannot open file, path = 'C:\Users\DevNoite\AppData\Roaming\.dart-tool\dart-flutter-telemetry.log' (OS Error: A operação solicitada não pode ser executada em um arquivo com uma seção mapeada pelo usuário aberta.
, errno = 1224)

```
#0      _File.throwIfError (dart:io/file_impl.dart:675:7)
#1      _File.openSync (dart:io/file_impl.dart:490:5)
#2      _File.writeAsBytesSync (dart:io/file_impl.dart:644:31)
#3      _File.writeAsStringSync (dart:io/file_impl.dart:668:5)
#4      ForwardingFile.writeAsStringSync (package:file/src/forwarding/forwarding_file.dart:150:16)
#5      LogHandler.save (package:unified_analytics/src/log_handler.dart:283:15)
#6      AnalyticsImpl.send (package:unified_analytics/src/analytics.dart:608:17)
#7      FlutterCommand._sendPostUsage (package:flutter_tools/src/runner/flutter_command.dart:1650:15)
#8      FlutterCommand.run.<anonymous closure> (package:flutter_tools/src/runner/flutter_command.dart:1394:13)
<asynchronous suspension>
#9      AppContext.run.<anonymous closure> (package:flutter_tools/src/base/context.dart:153:19)
<asynchronous suspension>
#10     CommandRunner.runCommand (package:args/command_runner.dart:212:13)
<asynchronous suspension>
#11     FlutterCommandRunner.runCommand.<anonymous closure> (package:flutter_tools/src/runner/flutter_command_runner.dart:355:9)
<asynchronous suspension>
#12     AppContext.run.<anonymous closure> (package:flutter_tools/src/base/context.dart:153:19)
<asynchronous suspension>
#13     FlutterCommandRunner.runCommand (package:flutter_tools/src/runner/flutter_command_runner.dart:295:5)
<asynchronous suspension>
#14     run.<anonymous closure>.<anonymous closure> (package:flutter_tools/runner.dart:119:9)
<asynchronous suspension>
#15     AppContext.run.<anonymous closure> (package:flutter_tools/src/base/context.dart:153:19)
<asynchronous suspension>
#16     main (package:flutter_tools/executable.dart:90:3)
<asynchronous suspension>
```

## flutter doctor

```
encountered exception: FileSystemException: Cannot open file, path = 'C:\Users\DevNoite\AppData\Roaming\.dart-tool\dart-flutter-telemetry.log' (OS Error: A operação solicitada não pode ser executada em um arquivo com uma seção mapeada pelo usuário aberta.
, errno = 1224)

#0      _File.throwIfError (dart:io/file_impl.dart:675:7)
#1      _File.openSync (dart:io/file_impl.dart:490:5)
#2      _File.writeAsBytesSync (dart:io/file_impl.dart:644:31)
#3      _File.writeAsStringSync (dart:io/file_impl.dart:668:5)
#4      ForwardingFile.writeAsStringSync (package:file/src/forwarding/forwarding_file.dart:150:16)
#5      LogHandler.save (package:unified_analytics/src/log_handler.dart:283:15)
#6      AnalyticsImpl.send (package:unified_analytics/src/analytics.dart:608:17)
#7      Doctor.diagnose (package:flutter_tools/src/doctor.dart:447:22)
<asynchronous suspension>
#8      DoctorText._runDiagnosis (package:flutter_tools/src/doctor.dart:796:7)
<asynchronous suspension>
#9      _createLocalCrashReport (package:flutter_tools/runner.dart:262:26)
<asynchronous suspension>
#10     _handleToolError (package:flutter_tools/runner.dart:224:25)
<asynchronous suspension>
#11     run.<anonymous closure>.<anonymous closure> (package:flutter_tools/runner.dart:142:7)
<asynchronous suspension>
```
